-------------------------------------------------------------------------------
Test set: com.example.backend.BackendApplicationTests
-------------------------------------------------------------------------------
Tests run: 1, Failures: 0, Errors: 1, Skipped: 0, Time elapsed: 5.805 s <<< FAILURE! - in com.example.backend.BackendApplicationTests
com.example.backend.BackendApplicationTests.contextLoads  Time elapsed: 0.032 s  <<< ERROR!
java.lang.IllegalStateException: Failed to load ApplicationContext
Caused by: org.springframework.beans.factory.BeanCreationException: Error creating bean with name 'entityManagerFactory' defined in class path resource [org/springframework/boot/autoconfigure/orm/jpa/HibernateJpaConfiguration.class]: Invocation of init method failed; nested exception is org.hibernate.AnnotationException: mappedBy reference an unknown target entity property: com.example.backend.model.Transaction.account in com.example.backend.model.Account.transactions
Caused by: org.hibernate.AnnotationException: mappedBy reference an unknown target entity property: com.example.backend.model.Transaction.account in com.example.backend.model.Account.transactions

